# JRE version: Java(TM) SE Runtime Environment (7.0_45-b18) (build 1.7.0_45-b18)
# Java VM: Java HotSpot(TM) 64-Bit Server VM (24.45-b08 mixed mode bsd-amd64 compressed oops)
Heap
 PSYoungGen      total 142848K, used 30721K [0x00000007aaa80000, 0x00000007b4080000, 0x0000000800000000)
  eden space 132096K, 21% used [0x00000007aaa80000,0x00000007ac6583a0,0x00000007b2b80000)
  from space 10752K, 20% used [0x00000007b3600000,0x00000007b38282e0,0x00000007b4080000)
  to   space 10752K, 0% used [0x00000007b2b80000,0x00000007b2b80000,0x00000007b3600000)
 ParOldGen       total 174592K, used 56K [0x0000000700000000, 0x000000070aa80000, 0x00000007aaa80000)
  object space 174592K, 0% used [0x0000000700000000,0x000000070000e010,0x000000070aa80000)
 PSPermGen       total 21504K, used 8134K [0x00000006fae00000, 0x00000006fc300000, 0x0000000700000000)
  object space 21504K, 37% used [0x00000006fae00000,0x00000006fb5f1b40,0x00000006fc300000)
GC Heap History (8 events):
Event: 25.755 GC heap before
{Heap before GC invocations=1 (full 0):
 PSYoungGen      total 76800K, used 66048K [0x00000007aaa80000, 0x00000007b0000000, 0x0000000800000000)
  eden space 66048K, 100% used [0x00000007aaa80000,0x00000007aeb00000,0x00000007aeb00000)
  from space 10752K, 0% used [0x00000007af580000,0x00000007af580000,0x00000007b0000000)
  to   space 10752K, 0% used [0x00000007aeb00000,0x00000007aeb00000,0x00000007af580000)
 ParOldGen       total 174592K, used 0K [0x0000000700000000, 0x000000070aa80000, 0x00000007aaa80000)
  object space 174592K, 0% used [0x0000000700000000,0x0000000700000000,0x000000070aa80000)
 PSPermGen       total 21504K, used 8109K [0x00000006fae00000, 0x00000006fc300000, 0x0000000700000000)
  object space 21504K, 37% used [0x00000006fae00000,0x00000006fb5eb6e8,0x00000006fc300000)
Event: 25.762 GC heap after
Heap after GC invocations=1 (full 0):
 PSYoungGen      total 76800K, used 4106K [0x00000007aaa80000, 0x00000007b0000000, 0x0000000800000000)
  eden space 66048K, 0% used [0x00000007aaa80000,0x00000007aaa80000,0x00000007aeb00000)
  from space 10752K, 38% used [0x00000007aeb00000,0x00000007aef029d8,0x00000007af580000)
  to   space 10752K, 0% used [0x00000007af580000,0x00000007af580000,0x00000007b0000000)
 ParOldGen       total 174592K, used 8K [0x0000000700000000, 0x000000070aa80000, 0x00000007aaa80000)
  object space 174592K, 0% used [0x0000000700000000,0x0000000700002000,0x000000070aa80000)
 PSPermGen       total 21504K, used 8109K [0x00000006fae00000, 0x00000006fc300000, 0x0000000700000000)
  object space 21504K, 37% used [0x00000006fae00000,0x00000006fb5eb6e8,0x00000006fc300000)
}
Event: 25.888 GC heap before
{Heap before GC invocations=2 (full 0):
 PSYoungGen      total 76800K, used 70154K [0x00000007aaa80000, 0x00000007b0000000, 0x0000000800000000)
  eden space 66048K, 100% used [0x00000007aaa80000,0x00000007aeb00000,0x00000007aeb00000)
  from space 10752K, 38% used [0x00000007aeb00000,0x00000007aef029d8,0x00000007af580000)
  to   space 10752K, 0% used [0x00000007af580000,0x00000007af580000,0x00000007b0000000)
 ParOldGen       total 174592K, used 8K [0x0000000700000000, 0x000000070aa80000, 0x00000007aaa80000)
  object space 174592K, 0% used [0x0000000700000000,0x0000000700002000,0x000000070aa80000)
 PSPermGen       total 21504K, used 8117K [0x00000006fae00000, 0x00000006fc300000, 0x0000000700000000)
  object space 21504K, 37% used [0x00000006fae00000,0x00000006fb5ed788,0x00000006fc300000)
Event: 25.892 GC heap after
Heap after GC invocations=2 (full 0):
 PSYoungGen      total 76800K, used 2240K [0x00000007aaa80000, 0x00000007b4080000, 0x0000000800000000)
  eden space 66048K, 0% used [0x00000007aaa80000,0x00000007aaa80000,0x00000007aeb00000)
  from space 10752K, 20% used [0x00000007af580000,0x00000007af7b02c0,0x00000007b0000000)
  to   space 10752K, 0% used [0x00000007aeb00000,0x00000007aeb00000,0x00000007af580000)
 ParOldGen       total 174592K, used 48K [0x0000000700000000, 0x000000070aa80000, 0x00000007aaa80000)
  object space 174592K, 0% used [0x0000000700000000,0x000000070000c010,0x000000070aa80000)
 PSPermGen       total 21504K, used 8117K [0x00000006fae00000, 0x00000006fc300000, 0x0000000700000000)
  object space 21504K, 37% used [0x00000006fae00000,0x00000006fb5ed788,0x00000006fc300000)
}
Event: 25.982 GC heap before
{Heap before GC invocations=3 (full 0):
 PSYoungGen      total 76800K, used 68288K [0x00000007aaa80000, 0x00000007b4080000, 0x0000000800000000)
  eden space 66048K, 100% used [0x00000007aaa80000,0x00000007aeb00000,0x00000007aeb00000)
  from space 10752K, 20% used [0x00000007af580000,0x00000007af7b02c0,0x00000007b0000000)
  to   space 10752K, 0% used [0x00000007aeb00000,0x00000007aeb00000,0x00000007af580000)
 ParOldGen       total 174592K, used 48K [0x0000000700000000, 0x000000070aa80000, 0x00000007aaa80000)
  object space 174592K, 0% used [0x0000000700000000,0x000000070000c010,0x000000070aa80000)
 PSPermGen       total 21504K, used 8127K [0x00000006fae00000, 0x00000006fc300000, 0x0000000700000000)
  object space 21504K, 37% used [0x00000006fae00000,0x00000006fb5efe28,0x00000006fc300000)
Event: 25.985 GC heap after
Heap after GC invocations=3 (full 0):
 PSYoungGen      total 76800K, used 2144K [0x00000007aaa80000, 0x00000007b4080000, 0x0000000800000000)
  eden space 66048K, 0% used [0x00000007aaa80000,0x00000007aaa80000,0x00000007aeb00000)
  from space 10752K, 19% used [0x00000007aeb00000,0x00000007aed182c0,0x00000007af580000)
  to   space 10752K, 0% used [0x00000007b3600000,0x00000007b3600000,0x00000007b4080000)
 ParOldGen       total 174592K, used 48K [0x0000000700000000, 0x000000070aa80000, 0x00000007aaa80000)
  object space 174592K, 0% used [0x0000000700000000,0x000000070000c010,0x000000070aa80000)
 PSPermGen       total 21504K, used 8127K [0x00000006fae00000, 0x00000006fc300000, 0x0000000700000000)
  object space 21504K, 37% used [0x00000006fae00000,0x00000006fb5efe28,0x00000006fc300000)
}
Event: 26.068 GC heap before
{Heap before GC invocations=4 (full 0):
 PSYoungGen      total 76800K, used 68192K [0x00000007aaa80000, 0x00000007b4080000, 0x0000000800000000)
  eden space 66048K, 100% used [0x00000007aaa80000,0x00000007aeb00000,0x00000007aeb00000)
  from space 10752K, 19% used [0x00000007aeb00000,0x00000007aed182c0,0x00000007af580000)
  to   space 10752K, 0% used [0x00000007b3600000,0x00000007b3600000,0x00000007b4080000)
 ParOldGen       total 174592K, used 48K [0x0000000700000000, 0x000000070aa80000, 0x00000007aaa80000)
  object space 174592K, 0% used [0x0000000700000000,0x000000070000c010,0x000000070aa80000)
 PSPermGen       total 21504K, used 8134K [0x00000006fae00000, 0x00000006fc300000, 0x0000000700000000)
  object space 21504K, 37% used [0x00000006fae00000,0x00000006fb5f1b40,0x00000006fc300000)
Event: 26.071 GC heap after
Heap after GC invocations=4 (full 0):
 PSYoungGen      total 142848K, used 2208K [0x00000007aaa80000, 0x00000007b4080000, 0x0000000800000000)
  eden space 132096K, 0% used [0x00000007aaa80000,0x00000007aaa80000,0x00000007b2b80000)
  from space 10752K, 20% used [0x00000007b3600000,0x00000007b38282e0,0x00000007b4080000)
  to   space 10752K, 0% used [0x00000007b2b80000,0x00000007b2b80000,0x00000007b3600000)
 ParOldGen       total 174592K, used 56K [0x0000000700000000, 0x000000070aa80000, 0x00000007aaa80000)
  object space 174592K, 0% used [0x0000000700000000,0x000000070000e010,0x000000070aa80000)
 PSPermGen       total 21504K, used 8134K [0x00000006fae00000, 0x00000006fc300000, 0x0000000700000000)
  object space 21504K, 37% used [0x00000006fae00000,0x00000006fb5f1b40,0x00000006fc300000)
}

