# JRE version: Java(TM) SE Runtime Environment (7.0_45-b18) (build 1.7.0_45-b18)
# Java VM: Java HotSpot(TM) 64-Bit Server VM (24.45-b08 mixed mode bsd-amd64 compressed oops)
Heap
 PSYoungGen      total 76800K, used 4270K [0x00000007aaa80000, 0x00000007b4080000, 0x0000000800000000)
  eden space 66048K, 3% used [0x00000007aaa80000,0x00000007aad09740,0x00000007aeb00000)
  from space 10752K, 15% used [0x00000007af580000,0x00000007af722260,0x00000007b0000000)
  to   space 10752K, 0% used [0x00000007aeb00000,0x00000007aeb00000,0x00000007af580000)
 ParOldGen       total 174592K, used 16K [0x0000000700000000, 0x000000070aa80000, 0x00000007aaa80000)
  object space 174592K, 0% used [0x0000000700000000,0x0000000700004000,0x000000070aa80000)
 PSPermGen       total 21504K, used 8348K [0x00000006fae00000, 0x00000006fc300000, 0x0000000700000000)
  object space 21504K, 38% used [0x00000006fae00000,0x00000006fb627088,0x00000006fc300000)
GC Heap History (4 events):
Event: 13.334 GC heap before
{Heap before GC invocations=1 (full 0):
 PSYoungGen      total 76800K, used 66048K [0x00000007aaa80000, 0x00000007b0000000, 0x0000000800000000)
  eden space 66048K, 100% used [0x00000007aaa80000,0x00000007aeb00000,0x00000007aeb00000)
  from space 10752K, 0% used [0x00000007af580000,0x00000007af580000,0x00000007b0000000)
  to   space 10752K, 0% used [0x00000007aeb00000,0x00000007aeb00000,0x00000007af580000)
 ParOldGen       total 174592K, used 0K [0x0000000700000000, 0x000000070aa80000, 0x00000007aaa80000)
  object space 174592K, 0% used [0x0000000700000000,0x0000000700000000,0x000000070aa80000)
 PSPermGen       total 21504K, used 8336K [0x00000006fae00000, 0x00000006fc300000, 0x0000000700000000)
  object space 21504K, 38% used [0x00000006fae00000,0x00000006fb624290,0x00000006fc300000)
Event: 13.341 GC heap after
Heap after GC invocations=1 (full 0):
 PSYoungGen      total 76800K, used 3295K [0x00000007aaa80000, 0x00000007b0000000, 0x0000000800000000)
  eden space 66048K, 0% used [0x00000007aaa80000,0x00000007aaa80000,0x00000007aeb00000)
  from space 10752K, 30% used [0x00000007aeb00000,0x00000007aee37d88,0x00000007af580000)
  to   space 10752K, 0% used [0x00000007af580000,0x00000007af580000,0x00000007b0000000)
 ParOldGen       total 174592K, used 8K [0x0000000700000000, 0x000000070aa80000, 0x00000007aaa80000)
  object space 174592K, 0% used [0x0000000700000000,0x0000000700002000,0x000000070aa80000)
 PSPermGen       total 21504K, used 8336K [0x00000006fae00000, 0x00000006fc300000, 0x0000000700000000)
  object space 21504K, 38% used [0x00000006fae00000,0x00000006fb624290,0x00000006fc300000)
}
Event: 13.465 GC heap before
{Heap before GC invocations=2 (full 0):
 PSYoungGen      total 76800K, used 69343K [0x00000007aaa80000, 0x00000007b0000000, 0x0000000800000000)
  eden space 66048K, 100% used [0x00000007aaa80000,0x00000007aeb00000,0x00000007aeb00000)
  from space 10752K, 30% used [0x00000007aeb00000,0x00000007aee37d88,0x00000007af580000)
  to   space 10752K, 0% used [0x00000007af580000,0x00000007af580000,0x00000007b0000000)
 ParOldGen       total 174592K, used 8K [0x0000000700000000, 0x000000070aa80000, 0x00000007aaa80000)
  object space 174592K, 0% used [0x0000000700000000,0x0000000700002000,0x000000070aa80000)
 PSPermGen       total 21504K, used 8348K [0x00000006fae00000, 0x00000006fc300000, 0x0000000700000000)
  object space 21504K, 38% used [0x00000006fae00000,0x00000006fb627088,0x00000006fc300000)
Event: 13.468 GC heap after
Heap after GC invocations=2 (full 0):
 PSYoungGen      total 76800K, used 1672K [0x00000007aaa80000, 0x00000007b4080000, 0x0000000800000000)
  eden space 66048K, 0% used [0x00000007aaa80000,0x00000007aaa80000,0x00000007aeb00000)
  from space 10752K, 15% used [0x00000007af580000,0x00000007af722260,0x00000007b0000000)
  to   space 10752K, 0% used [0x00000007aeb00000,0x00000007aeb00000,0x00000007af580000)
 ParOldGen       total 174592K, used 16K [0x0000000700000000, 0x000000070aa80000, 0x00000007aaa80000)
  object space 174592K, 0% used [0x0000000700000000,0x0000000700004000,0x000000070aa80000)
 PSPermGen       total 21504K, used 8348K [0x00000006fae00000, 0x00000006fc300000, 0x0000000700000000)
  object space 21504K, 38% used [0x00000006fae00000,0x00000006fb627088,0x00000006fc300000)
}

